[debug] [2020-12-07T19:05:01.032Z] ----------------------------------------------------------------------
[debug] [2020-12-07T19:05:01.034Z] Command:       C:\Program Files\nodejs\node.exe C:\Users\vitor\AppData\Roaming\npm\node_modules\firebase-tools\lib\bin\firebase.js deploy
[debug] [2020-12-07T19:05:01.034Z] CLI Version:   8.16.2
[debug] [2020-12-07T19:05:01.034Z] Platform:      win32
[debug] [2020-12-07T19:05:01.034Z] Node Version:  v12.18.3
[debug] [2020-12-07T19:05:01.035Z] Time:          Mon Dec 07 2020 16:05:01 GMT-0300 (GMT-03:00)
[debug] [2020-12-07T19:05:01.035Z] ----------------------------------------------------------------------
[debug] [2020-12-07T19:05:01.036Z] 
[debug] [2020-12-07T19:05:01.037Z] >>> [apiv2][query] GET https://firebase-public.firebaseio.com/cli.json [none]
[debug] [2020-12-07T19:05:01.060Z] > command requires scopes: ["email","openid","https://www.googleapis.com/auth/cloudplatformprojects.readonly","https://www.googleapis.com/auth/firebase","https://www.googleapis.com/auth/cloud-platform"]
[debug] [2020-12-07T19:05:01.060Z] > authorizing via signed-in user
[debug] [2020-12-07T19:05:01.060Z] [iam] checking project tdsobresuaviagem for permissions ["firebase.projects.get","firebasehosting.sites.update"]
[debug] [2020-12-07T19:05:01.062Z] > refreshing access token with scopes: ["email","https://www.googleapis.com/auth/cloud-platform","https://www.googleapis.com/auth/cloudplatformprojects.readonly","https://www.googleapis.com/auth/firebase","openid"]
[debug] [2020-12-07T19:05:01.063Z] >>> HTTP REQUEST POST https://www.googleapis.com/oauth2/v3/token  
 <request body omitted>
[debug] [2020-12-07T19:05:01.619Z] <<< HTTP RESPONSE 200 {"pragma":"no-cache","expires":"Mon, 01 Jan 1990 00:00:00 GMT","cache-control":"no-cache, no-store, max-age=0, must-revalidate","date":"Mon, 07 Dec 2020 19:05:03 GMT","content-type":"application/json; charset=utf-8","vary":"X-Origin, Referer, Origin,Accept-Encoding","server":"scaffolding on HTTPServer2","x-xss-protection":"0","x-frame-options":"SAMEORIGIN","x-content-type-options":"nosniff","alt-svc":"h3-29=\":443\"; ma=2592000,h3-T051=\":443\"; ma=2592000,h3-Q050=\":443\"; ma=2592000,h3-Q046=\":443\"; ma=2592000,h3-Q043=\":443\"; ma=2592000,quic=\":443\"; ma=2592000; v=\"46,43\"","accept-ranges":"none","transfer-encoding":"chunked"}
[debug] [2020-12-07T19:05:01.626Z] >>> HTTP REQUEST POST https://cloudresourcemanager.googleapis.com/v1/projects/tdsobresuaviagem:testIamPermissions  
 {"permissions":["firebase.projects.get","firebasehosting.sites.update"]}
[debug] [2020-12-07T19:05:02.066Z] <<< [apiv2][status] GET https://firebase-public.firebaseio.com/cli.json 200
[debug] [2020-12-07T19:05:02.066Z] <<< [apiv2][body] GET https://firebase-public.firebaseio.com/cli.json {"cloudBuildErrorAfter":1594252800000,"cloudBuildWarnAfter":1590019200000,"defaultNode10After":1594252800000,"minVersion":"3.0.5","node8DeploysDisabledAfter":1613390400000,"node8RuntimeDisabledAfter":1615809600000,"node8WarnAfter":1600128000000}
[debug] [2020-12-07T19:05:02.597Z] <<< HTTP RESPONSE 200 {"content-type":"application/json; charset=UTF-8","vary":"X-Origin, Referer, Origin,Accept-Encoding","date":"Mon, 07 Dec 2020 19:05:04 GMT","server":"ESF","cache-control":"private","x-xss-protection":"0","x-frame-options":"SAMEORIGIN","x-content-type-options":"nosniff","server-timing":"gfet4t7; dur=731","alt-svc":"h3-29=\":443\"; ma=2592000,h3-T051=\":443\"; ma=2592000,h3-Q050=\":443\"; ma=2592000,h3-Q046=\":443\"; ma=2592000,h3-Q043=\":443\"; ma=2592000,quic=\":443\"; ma=2592000; v=\"46,43\"","accept-ranges":"none","transfer-encoding":"chunked"}
[debug] [2020-12-07T19:05:02.598Z] >>> HTTP REQUEST GET https://firebase.googleapis.com/v1beta1/projects/tdsobresuaviagem  
 
[debug] [2020-12-07T19:05:03.891Z] <<< HTTP RESPONSE 200 {"content-type":"application/json; charset=UTF-8","vary":"X-Origin, Referer, Origin,Accept-Encoding","date":"Mon, 07 Dec 2020 19:05:05 GMT","server":"ESF","cache-control":"private","x-xss-protection":"0","x-frame-options":"SAMEORIGIN","x-content-type-options":"nosniff","alt-svc":"h3-29=\":443\"; ma=2592000,h3-T051=\":443\"; ma=2592000,h3-Q050=\":443\"; ma=2592000,h3-Q046=\":443\"; ma=2592000,h3-Q043=\":443\"; ma=2592000,quic=\":443\"; ma=2592000; v=\"46,43\"","accept-ranges":"none","transfer-encoding":"chunked"}
[info] 
[info] === Deploying to 'tdsobresuaviagem'...
[info] 
[info] i  deploying hosting 
[debug] [2020-12-07T19:05:03.894Z] >>> HTTP REQUEST POST https://firebasehosting.googleapis.com/v1beta1/sites/tdsobresuaviagem/versions  
 {"config":{},"labels":{"deployment-tool":"cli-firebase"}}
[debug] [2020-12-07T19:05:05.384Z] <<< HTTP RESPONSE 200 {"content-type":"application/json; charset=UTF-8","vary":"X-Origin, Referer, Origin,Accept-Encoding","date":"Mon, 07 Dec 2020 19:05:07 GMT","server":"ESF","cache-control":"private","x-xss-protection":"0","x-frame-options":"SAMEORIGIN","x-content-type-options":"nosniff","alt-svc":"h3-29=\":443\"; ma=2592000,h3-T051=\":443\"; ma=2592000,h3-Q050=\":443\"; ma=2592000,h3-Q046=\":443\"; ma=2592000,h3-Q043=\":443\"; ma=2592000,quic=\":443\"; ma=2592000; v=\"46,43\"","accept-ranges":"none","transfer-encoding":"chunked"}
[info] i  hosting[tdsobresuaviagem]: beginning deploy... 
[info] i  hosting[tdsobresuaviagem]: found 29 files in ./ 
[debug] [2020-12-07T19:05:05.826Z] [hosting] hash cache [] stored for 29 files
[debug] [2020-12-07T19:05:05.826Z] [hosting][hash queue][FINAL] {"max":423,"min":0,"avg":15.03448275862069,"active":0,"complete":29,"success":29,"errored":0,"retried":0,"total":29,"elapsed":427}
[debug] [2020-12-07T19:05:05.826Z] >>> HTTP REQUEST POST https://firebasehosting.googleapis.com/v1beta1/sites/tdsobresuaviagem/versions/be88e84bdd7140d6:populateFiles  
 <request body omitted>
[debug] [2020-12-07T19:05:07.036Z] <<< HTTP RESPONSE 200 {"content-type":"application/json; charset=UTF-8","vary":"X-Origin, Referer, Origin,Accept-Encoding","date":"Mon, 07 Dec 2020 19:05:09 GMT","server":"ESF","cache-control":"private","x-xss-protection":"0","x-frame-options":"SAMEORIGIN","x-content-type-options":"nosniff","alt-svc":"h3-29=\":443\"; ma=2592000,h3-T051=\":443\"; ma=2592000,h3-Q050=\":443\"; ma=2592000,h3-Q046=\":443\"; ma=2592000,h3-Q043=\":443\"; ma=2592000,quic=\":443\"; ma=2592000; v=\"46,43\"","accept-ranges":"none","transfer-encoding":"chunked"}
[debug] [2020-12-07T19:05:07.038Z] [hosting][populate queue][FINAL] {"max":1212,"min":1212,"avg":1212,"active":0,"complete":1,"success":1,"errored":0,"retried":0,"total":1,"elapsed":1213}
[debug] [2020-12-07T19:05:07.039Z] [hosting] uploads queued: 4
